<html>
<head>
<title>TestNG:  Test111</title>
<link href="../testng.css" rel="stylesheet" type="text/css" />
<link href="../my-testng.css" rel="stylesheet" type="text/css" />

<style type="text/css">
.log { display: none;} 
.stack-trace { display: none;} 
</style>
<script type="text/javascript">
<!--
function flip(e) {
  current = e.style.display;
  if (current == 'block') {
    e.style.display = 'none';
    return 0;
  }
  else {
    e.style.display = 'block';
    return 1;
  }
}

function toggleBox(szDivId, elem, msg1, msg2)
{
  var res = -1;  if (document.getElementById) {
    res = flip(document.getElementById(szDivId));
  }
  else if (document.all) {
    // this is the way old msie versions work
    res = flip(document.all[szDivId]);
  }
  if(elem) {
    if(res == 0) elem.innerHTML = msg1; else elem.innerHTML = msg2;
  }

}

function toggleAllBoxes() {
  if (document.getElementsByTagName) {
    d = document.getElementsByTagName('div');
    for (i = 0; i < d.length; i++) {
      if (d[i].className == 'log') {
        flip(d[i]);
      }
    }
  }
}

// -->
</script>

</head>
<body>
<h2 align='center'>Test111</h2><table border='1' align="center">
<tr>
<td>Tests passed/Failed/Skipped:</td><td>0/0/4</td>
</tr><tr>
<td>Started on:</td><td>Thu Dec 12 16:10:19 CST 2019</td>
</tr>
<tr><td>Total time:</td><td>0 seconds (74 ms)</td>
</tr><tr>
<td>Included groups:</td><td></td>
</tr><tr>
<td>Excluded groups:</td><td></td>
</tr>
</table><p/>
<small><i>(Hover the method name to see the test class name)</i></small><p/>
<table width='100%' border='1' class='invocation-failed'>
<tr><td colspan='4' align='center'><b>FAILED CONFIGURATIONS</b></td></tr>
<tr><td><b>Test method</b></td>
<td width="30%"><b>Exception</b></td>
<td width="10%"><b>Time (seconds)</b></td>
<td><b>Instance</b></td>
</tr>
<tr>
<td title='com.test.Login_test.setup()'><b>setup</b><br>Test class: com.test.Login_test</td>
<td><div><pre>java.lang.IllegalStateException: The driver executable does not exist: C:\Users\ÔøÑà±ó\.\driver\chromedriver.exe
	at com.google.common.base.Preconditions.checkState(Preconditions.java:585)
	at org.openqa.selenium.remote.service.DriverService.checkExecutable(DriverService.java:146)
	at org.openqa.selenium.remote.service.DriverService.findExecutable(DriverService.java:141)
	at org.openqa.selenium.chrome.ChromeDriverService.access$000(ChromeDriverService.java:35)
	at org.openqa.selenium.chrome.ChromeDriverService$Builder.findDefaultExecutable(ChromeDriverService.java:159)
	at org.openqa.selenium.remote.service.DriverService$Builder.build(DriverService.java:355)
	at org.openqa.selenium.chrome.ChromeDriverService.createDefaultService(ChromeDriverService.java:94)
	at org.openqa.selenium.chrome.ChromeDriver.&lt;init&gt;(ChromeDriver.java:123)
	at com.util.Login_util.setup(Login_util.java:14)
... Removed 23 stack frames</pre></div><a href='#' onClick='toggleBox("stack-trace1419810764", this, "Click to show all stack frames", "Click to hide stack frames")'>Click to show all stack frames</a>
<div class='stack-trace' id='stack-trace1419810764'><pre>java.lang.IllegalStateException: The driver executable does not exist: C:\Users\ÔøÑà±ó\.\driver\chromedriver.exe
	at com.google.common.base.Preconditions.checkState(Preconditions.java:585)
	at org.openqa.selenium.remote.service.DriverService.checkExecutable(DriverService.java:146)
	at org.openqa.selenium.remote.service.DriverService.findExecutable(DriverService.java:141)
	at org.openqa.selenium.chrome.ChromeDriverService.access$000(ChromeDriverService.java:35)
	at org.openqa.selenium.chrome.ChromeDriverService$Builder.findDefaultExecutable(ChromeDriverService.java:159)
	at org.openqa.selenium.remote.service.DriverService$Builder.build(DriverService.java:355)
	at org.openqa.selenium.chrome.ChromeDriverService.createDefaultService(ChromeDriverService.java:94)
	at org.openqa.selenium.chrome.ChromeDriver.&lt;init&gt;(ChromeDriver.java:123)
	at com.util.Login_util.setup(Login_util.java:14)
	at sun.reflect.NativeMethodAccessorImpl.invoke0(Native Method)
	at sun.reflect.NativeMethodAccessorImpl.invoke(NativeMethodAccessorImpl.java:62)
	at sun.reflect.DelegatingMethodAccessorImpl.invoke(DelegatingMethodAccessorImpl.java:43)
	at java.lang.reflect.Method.invoke(Method.java:498)
	at org.testng.internal.MethodInvocationHelper.invokeMethod(MethodInvocationHelper.java:80)
	at org.testng.internal.Invoker.invokeConfigurationMethod(Invoker.java:551)
	at org.testng.internal.Invoker.invokeConfigurations(Invoker.java:213)
	at org.testng.internal.Invoker.invokeConfigurations(Invoker.java:138)
	at org.testng.internal.TestMethodWorker.invokeBeforeClassMethods(TestMethodWorker.java:175)
	at org.testng.internal.TestMethodWorker.run(TestMethodWorker.java:107)
	at org.testng.TestRunner.privateRun(TestRunner.java:768)
	at org.testng.TestRunner.run(TestRunner.java:617)
	at org.testng.SuiteRunner.runTest(SuiteRunner.java:334)
	at org.testng.SuiteRunner.runSequentially(SuiteRunner.java:329)
	at org.testng.SuiteRunner.privateRun(SuiteRunner.java:291)
	at org.testng.SuiteRunner.run(SuiteRunner.java:240)
	at org.testng.SuiteRunnerWorker.runSuite(SuiteRunnerWorker.java:53)
	at org.testng.SuiteRunnerWorker.run(SuiteRunnerWorker.java:87)
	at org.testng.TestNG.runSuitesSequentially(TestNG.java:1188)
	at org.testng.TestNG.runSuitesLocally(TestNG.java:1113)
	at org.testng.TestNG.run(TestNG.java:1025)
	at org.testng.TestNG.privateMain(TestNG.java:1328)
	at org.testng.TestNG.main(TestNG.java:1297)
</pre></div></td>
<td>0</td>
<td>com.test.Login_test@16b4a017</td></tr>
</table><p>
<table width='100%' border='1' class='invocation-skipped'>
<tr><td colspan='4' align='center'><b>SKIPPED CONFIGURATIONS</b></td></tr>
<tr><td><b>Test method</b></td>
<td width="30%"><b>Exception</b></td>
<td width="10%"><b>Time (seconds)</b></td>
<td><b>Instance</b></td>
</tr>
<tr>
<td title='com.test.Cunkuan_test.setup()'><b>setup</b><br>Test class: com.test.Cunkuan_test</td>
<td></td>
<td>0</td>
<td>com.test.Cunkuan_test@6d1e7682</td></tr>
<tr>
<td title='com.test.Qukuan_test.setup()'><b>setup</b><br>Test class: com.test.Qukuan_test</td>
<td></td>
<td>0</td>
<td>com.test.Qukuan_test@3c679bde</td></tr>
<tr>
<td title='com.test.Personal_test.setup()'><b>setup</b><br>Test class: com.test.Personal_test</td>
<td></td>
<td>0</td>
<td>com.test.Personal_test@424c0bc4</td></tr>
<tr>
<td title='com.test.Login_test.teardowm()'><b>teardowm</b><br>Test class: com.test.Login_test</td>
<td></td>
<td>0</td>
<td>com.test.Login_test@16b4a017</td></tr>
<tr>
<td title='com.test.Cunkuan_test.teardowm()'><b>teardowm</b><br>Test class: com.test.Cunkuan_test</td>
<td></td>
<td>0</td>
<td>com.test.Cunkuan_test@6d1e7682</td></tr>
<tr>
<td title='com.test.Qukuan_test.teardowm()'><b>teardowm</b><br>Test class: com.test.Qukuan_test</td>
<td></td>
<td>0</td>
<td>com.test.Qukuan_test@3c679bde</td></tr>
<tr>
<td title='com.test.Personal_test.teardowm()'><b>teardowm</b><br>Test class: com.test.Personal_test</td>
<td></td>
<td>0</td>
<td>com.test.Personal_test@424c0bc4</td></tr>
</table><p>
<table width='100%' border='1' class='invocation-skipped'>
<tr><td colspan='4' align='center'><b>SKIPPED TESTS</b></td></tr>
<tr><td><b>Test method</b></td>
<td width="30%"><b>Exception</b></td>
<td width="10%"><b>Time (seconds)</b></td>
<td><b>Instance</b></td>
</tr>
<tr>
<td title='com.test.Cunkuan_test.cunkuanTest()'><b>cunkuanTest</b><br>Test class: com.test.Cunkuan_test</td>
<td></td>
<td>0</td>
<td>com.test.Cunkuan_test@6d1e7682</td></tr>
<tr>
<td title='com.test.Login_test.login_test()'><b>login_test</b><br>Test class: com.test.Login_test</td>
<td></td>
<td>0</td>
<td>com.test.Login_test@16b4a017</td></tr>
<tr>
<td title='com.test.Personal_test.personal_test()'><b>personal_test</b><br>Test class: com.test.Personal_test</td>
<td></td>
<td>0</td>
<td>com.test.Personal_test@424c0bc4</td></tr>
<tr>
<td title='com.test.Qukuan_test.qukuan_test()'><b>qukuan_test</b><br>Test class: com.test.Qukuan_test</td>
<td></td>
<td>0</td>
<td>com.test.Qukuan_test@3c679bde</td></tr>
</table><p>
</body>
</html>