<?xml version="1.0" encoding="UTF-8"?>
<!-- Generated by org.testng.reporters.JUnitXMLReporter -->
<testsuite hostname="LAPTOP-2MUJQHVS" name="Test111" tests="4" failures="0" timestamp="12 Dec 2019 08:10:19 GMT" time="0.074" errors="0">
  <testcase name="@BeforeClass setup" time="0.0" classname="com.test.Login_test">
    <failure type="java.lang.IllegalStateException" message="The driver executable does not exist: C:\Users\曾燕斌\.\driver\chromedriver.exe">
      <![CDATA[java.lang.IllegalStateException: The driver executable does not exist: C:\Users\曾燕斌\.\driver\chromedriver.exe
	at com.google.common.base.Preconditions.checkState(Preconditions.java:585)
	at org.openqa.selenium.remote.service.DriverService.checkExecutable(DriverService.java:146)
	at org.openqa.selenium.remote.service.DriverService.findExecutable(DriverService.java:141)
	at org.openqa.selenium.chrome.ChromeDriverService.access$000(ChromeDriverService.java:35)
	at org.openqa.selenium.chrome.ChromeDriverService$Builder.findDefaultExecutable(ChromeDriverService.java:159)
	at org.openqa.selenium.remote.service.DriverService$Builder.build(DriverService.java:355)
	at org.openqa.selenium.chrome.ChromeDriverService.createDefaultService(ChromeDriverService.java:94)
	at org.openqa.selenium.chrome.ChromeDriver.<init>(ChromeDriver.java:123)
	at com.util.Login_util.setup(Login_util.java:14)
... Removed 23 stack frames]]>
    </failure>
  </testcase> <!-- @BeforeClass setup -->
  <testcase name="@AfterClass teardowm" time="0.0" classname="com.test.Login_test">
    <skipped/>
  </testcase> <!-- @AfterClass teardowm -->
  <testcase name="@BeforeClass setup" time="0.0" classname="com.test.Cunkuan_test">
    <skipped/>
  </testcase> <!-- @BeforeClass setup -->
  <testcase name="@AfterClass teardowm" time="0.0" classname="com.test.Cunkuan_test">
    <skipped/>
  </testcase> <!-- @AfterClass teardowm -->
  <testcase name="@BeforeClass setup" time="0.0" classname="com.test.Qukuan_test">
    <skipped/>
  </testcase> <!-- @BeforeClass setup -->
  <testcase name="@AfterClass teardowm" time="0.0" classname="com.test.Qukuan_test">
    <skipped/>
  </testcase> <!-- @AfterClass teardowm -->
  <testcase name="@BeforeClass setup" time="0.0" classname="com.test.Personal_test">
    <skipped/>
  </testcase> <!-- @BeforeClass setup -->
  <testcase name="@AfterClass teardowm" time="0.0" classname="com.test.Personal_test">
    <skipped/>
  </testcase> <!-- @AfterClass teardowm -->
  <testcase name="login_test" time="0.0" classname="com.test.Login_test">
    <skipped/>
  </testcase> <!-- login_test -->
  <testcase name="cunkuanTest" time="0.0" classname="com.test.Cunkuan_test">
    <skipped/>
  </testcase> <!-- cunkuanTest -->
  <testcase name="qukuan_test" time="0.0" classname="com.test.Qukuan_test">
    <skipped/>
  </testcase> <!-- qukuan_test -->
  <testcase name="personal_test" time="0.0" classname="com.test.Personal_test">
    <skipped/>
  </testcase> <!-- personal_test -->
</testsuite> <!-- Test111 -->
